<?xml version="1.0" encoding="UTF-8"?>
<!-- Generated by org.testng.reporters.JUnitReportReporter -->
<testsuite hostname="Samsung1404.local" failures="0" tests="1" name="diogo.Cinemad.Test.Home.testJwPlayer" time="32.865" errors="0" timestamp="15 Aug 2018 14:44:23 GMT" skipped="0">
  <testcase classname="diogo.Cinemad.Test.Home.testJwPlayer" name="test_home_dress_interaction" time="32.865"/>
</testsuite> <!-- diogo.Cinemad.Test.Home.testJwPlayer -->
